<?xml version="1.0" encoding="UTF-8"?>
<!-- Generated by org.testng.reporters.JUnitXMLReporter -->
<testsuite hostname="DESKTOP-H9BS9M0" ignored="0" name="Run on CHROME UI" tests="3" failures="3" timestamp="06 Oct 2020 05:48:31 GMT" time="15.442" errors="0">
  <testcase name="TC_01_Register" time="0.002" classname="nopcommerce.web.user.Level_04_Register_Login">
    <failure type="java.lang.NullPointerException">
      <![CDATA[java.lang.NullPointerException
at nopcommerce.web.user.Level_04_Register_Login.TC_01_Register(Level_04_Register_Login.java:59)
... Removed 25 stack frames]]>
    </failure>
  </testcase> <!-- TC_01_Register -->
  <testcase name="TC_02_Login" time="0.004" classname="nopcommerce.web.user.Level_04_Register_Login">
    <failure type="java.lang.NullPointerException">
      <![CDATA[java.lang.NullPointerException
at nopcommerce.web.user.Level_04_Register_Login.TC_02_Login(Level_04_Register_Login.java:87)
... Removed 25 stack frames]]>
    </failure>
  </testcase> <!-- TC_02_Login -->
  <testcase name="TC_03_View_My_Accout" time="0.002" classname="nopcommerce.web.user.Level_04_Register_Login">
    <failure type="java.lang.NullPointerException">
      <![CDATA[java.lang.NullPointerException
at nopcommerce.web.user.Level_04_Register_Login.TC_03_View_My_Accout(Level_04_Register_Login.java:103)
... Removed 25 stack frames]]>
    </failure>
  </testcase> <!-- TC_03_View_My_Accout -->
</testsuite> <!-- Run on CHROME UI -->
