<?xml version="1.0" encoding="UTF-8"?>
<!-- Generated by org.testng.reporters.JUnitXMLReporter -->
<testsuite hostname="DESKTOP-H9BS9M0" ignored="0" name="Run on FIREFOX HEADLESS" tests="4" failures="0" timestamp="07 Oct 2020 07:02:37 GMT" time="65.773" errors="0">
  <testcase name="TC_01_Register" time="13.183" classname="nopcommerce.web.user.Level_04_Register_Login"/>
  <testcase name="TC_02_Login" time="5.042" classname="nopcommerce.web.user.Level_04_Register_Login"/>
  <testcase name="TC_03_View_My_Accout" time="2.487" classname="nopcommerce.web.user.Level_04_Register_Login"/>
  <testcase name="TC_04_Switch_Page" time="12.925" classname="nopcommerce.web.user.Level_04_Register_Login"/>
</testsuite> <!-- Run on FIREFOX HEADLESS -->
