<?xml version="1.0" encoding="UTF-8"?>
<!-- Generated by org.testng.reporters.JUnitXMLReporter -->
<testsuite hostname="DESKTOP-H9BS9M0" ignored="0" name="Run on FIREFOX UI" tests="2" failures="0" timestamp="12 Oct 2020 04:28:31 GMT" time="47.101" errors="0">
  <testcase name="Tc_01_UploadFiles" time="13.376" classname="nopcommerce.web.user.Level_08_UploadFiles"/>
  <testcase name="Tc_01_UploadMutilFiles" time="0.002" classname="nopcommerce.web.user.Level_08_UploadFiles"/>
</testsuite> <!-- Run on FIREFOX UI -->
