<?xml version="1.0" encoding="UTF-8"?>
<!-- Generated by org.testng.reporters.JUnitXMLReporter -->
<testsuite hostname="DESKTOP-H9BS9M0" ignored="0" name="Run on EGDE HEADLESS" tests="3" failures="0" timestamp="04 Oct 2020 09:40:18 GMT" time="0.013" errors="0">
  <testcase name="@BeforeClass beforeClass" time="0.0" classname="nopcommerce.web.user.Level_04_Register_Login">
    <failure type="java.lang.RuntimeException" message="Vui long nhap dung ten trinh duyet">
      <![CDATA[java.lang.RuntimeException: Vui long nhap dung ten trinh duyet
at nopcommerce.web.user.Level_04_Register_Login.beforeClass(Level_04_Register_Login.java:56)
... Removed 26 stack frames]]>
    </failure>
  </testcase> <!-- @BeforeClass beforeClass -->
  <testcase name="@AfterClass afterClass" time="0.0" classname="nopcommerce.web.user.Level_04_Register_Login">
    <skipped/>
  </testcase> <!-- @AfterClass afterClass -->
  <testcase name="TC_01_Register" time="0.0" classname="nopcommerce.web.user.Level_04_Register_Login">
    <skipped/>
  </testcase> <!-- TC_01_Register -->
  <testcase name="TC_02_Login" time="0.0" classname="nopcommerce.web.user.Level_04_Register_Login">
    <skipped/>
  </testcase> <!-- TC_02_Login -->
  <testcase name="TC_03_View_My_Accout" time="0.0" classname="nopcommerce.web.user.Level_04_Register_Login">
    <skipped/>
  </testcase> <!-- TC_03_View_My_Accout -->
</testsuite> <!-- Run on EGDE HEADLESS -->
