<?xml version="1.0" encoding="UTF-8"?>
<!-- Generated by org.testng.reporters.JUnitXMLReporter -->
<testsuite hostname="DESKTOP-H9BS9M0" ignored="0" name="Run on FIREFOX UI" tests="3" failures="0" timestamp="06 Oct 2020 06:04:54 GMT" time="13.578" errors="0">
  <testcase name="@BeforeClass beforeClass" time="13.518" classname="nopcommerce.web.user.Level_04_Register_Login">
    <failure type="java.lang.NullPointerException">
      <![CDATA[java.lang.NullPointerException
at nopcommerce.web.user.Level_04_Register_Login.beforeClass(Level_04_Register_Login.java:52)
... Removed 26 stack frames]]>
    </failure>
  </testcase> <!-- @BeforeClass beforeClass -->
  <testcase name="@AfterClass afterClass" time="0.0" classname="nopcommerce.web.user.Level_04_Register_Login">
    <skipped/>
  </testcase> <!-- @AfterClass afterClass -->
  <testcase name="TC_01_Register" time="0.0" classname="nopcommerce.web.user.Level_04_Register_Login">
    <skipped/>
  </testcase> <!-- TC_01_Register -->
  <testcase name="TC_02_Login" time="0.0" classname="nopcommerce.web.user.Level_04_Register_Login">
    <skipped/>
  </testcase> <!-- TC_02_Login -->
  <testcase name="TC_03_View_My_Accout" time="0.0" classname="nopcommerce.web.user.Level_04_Register_Login">
    <skipped/>
  </testcase> <!-- TC_03_View_My_Accout -->
</testsuite> <!-- Run on FIREFOX UI -->
