<?xml version="1.0" encoding="UTF-8"?>
<testng-results skipped="0" failed="0" ignored="0" total="2" passed="2">
  <reporter-output>
  </reporter-output>
  <suite name="Suite" duration-ms="47101" started-at="2020-10-12T04:27:44Z" finished-at="2020-10-12T04:28:31Z">
    <groups>
    </groups>
    <test name="Run on FIREFOX UI" duration-ms="47101" started-at="2020-10-12T04:27:44Z" finished-at="2020-10-12T04:28:31Z">
      <class name="nopcommerce.web.user.Level_08_UploadFiles">
        <test-method status="PASS" signature="beforeClass(java.lang.String, java.lang.String)[pri:0, instance:nopcommerce.web.user.Level_08_UploadFiles@4f933fd1]" name="beforeClass" is-config="true" duration-ms="33208" started-at="2020-10-12T04:27:44Z" finished-at="2020-10-12T04:28:17Z">
          <params>
            <param index="0">
              <value>
                <![CDATA[firefox_ui]]>
              </value>
            </param>
            <param index="1">
              <value>
                <![CDATA[http://blueimp.github.io/jQuery-File-Upload]]>
              </value>
            </param>
          </params>
          <reporter-output>
          </reporter-output>
        </test-method> <!-- beforeClass -->
        <test-method status="PASS" signature="Tc_01_UploadFiles()[pri:0, instance:nopcommerce.web.user.Level_08_UploadFiles@4f933fd1]" name="Tc_01_UploadFiles" duration-ms="13376" started-at="2020-10-12T04:28:17Z" finished-at="2020-10-12T04:28:30Z">
          <reporter-output>
          </reporter-output>
        </test-method> <!-- Tc_01_UploadFiles -->
        <test-method status="PASS" signature="Tc_01_UploadMutilFiles()[pri:0, instance:nopcommerce.web.user.Level_08_UploadFiles@4f933fd1]" name="Tc_01_UploadMutilFiles" duration-ms="2" started-at="2020-10-12T04:28:31Z" finished-at="2020-10-12T04:28:31Z">
          <reporter-output>
          </reporter-output>
        </test-method> <!-- Tc_01_UploadMutilFiles -->
        <test-method status="PASS" signature="afterClass()[pri:0, instance:nopcommerce.web.user.Level_08_UploadFiles@4f933fd1]" name="afterClass" is-config="true" duration-ms="0" started-at="2020-10-12T04:28:31Z" finished-at="2020-10-12T04:28:31Z">
          <reporter-output>
          </reporter-output>
        </test-method> <!-- afterClass -->
      </class> <!-- nopcommerce.web.user.Level_08_UploadFiles -->
    </test> <!-- Run on FIREFOX UI -->
  </suite> <!-- Suite -->
</testng-results>
